[debug] [2022-08-02T14:11:00.377Z] ----------------------------------------------------------------------
[debug] [2022-08-02T14:11:00.378Z] Command:       /home/gitpod/.nvm/versions/node/v16.16.0/bin/node /home/gitpod/.nvm/versions/node/v16.16.0/bin/firebase login:ci
[debug] [2022-08-02T14:11:00.379Z] CLI Version:   11.4.1
[debug] [2022-08-02T14:11:00.379Z] Platform:      linux
[debug] [2022-08-02T14:11:00.379Z] Node Version:  v16.16.0
[debug] [2022-08-02T14:11:00.379Z] Time:          Tue Aug 02 2022 14:11:00 GMT+0000 (Coordinated Universal Time)
[debug] [2022-08-02T14:11:00.380Z] ----------------------------------------------------------------------
[debug] 
[debug] [2022-08-02T14:11:00.382Z] >>> [apiv2][query] GET https://firebase-public.firebaseio.com/cli.json [none]
[warn] ⚠  Authenticating with a `login:ci` token is deprecated and will be removed in a future major version of `firebase-tools`. Instead, use a service account key with `GOOGLE_APPLICATION_CREDENTIALS`: https://cloud.google.com/docs/authentication/getting-started 
[info] 
[info] Visit this URL on this device to log in:
[info] https://accounts.google.com/o/oauth2/auth?client_id=563584335869-fgrhgmd47bqnekij5i8b5pr03ho849e6.apps.googleusercontent.com&scope=email%20openid%20https%3A%2F%2Fwww.googleapis.com%2Fauth%2Fcloudplatformprojects.readonly%20https%3A%2F%2Fwww.googleapis.com%2Fauth%2Ffirebase%20https%3A%2F%2Fwww.googleapis.com%2Fauth%2Fcloud-platform&response_type=code&state=412356298&redirect_uri=http%3A%2F%2Flocalhost%3A9005
[info] 
[info] Waiting for authentication...
[debug] [2022-08-02T14:11:00.657Z] <<< [apiv2][status] GET https://firebase-public.firebaseio.com/cli.json 200
[debug] [2022-08-02T14:11:00.657Z] <<< [apiv2][body] GET https://firebase-public.firebaseio.com/cli.json {"cloudBuildErrorAfter":1594252800000,"cloudBuildWarnAfter":1590019200000,"defaultNode10After":1594252800000,"minVersion":"3.0.5","node8DeploysDisabledAfter":1613390400000,"node8RuntimeDisabledAfter":1615809600000,"node8WarnAfter":1600128000000}
[debug] [2022-08-02T14:11:20.513Z] >>> [apiv2][query] POST https://auth.firebase.tools/attest [none]
[debug] [2022-08-02T14:11:20.513Z] >>> [apiv2][body] POST https://auth.firebase.tools/attest {"session_id":"ab97f380-1ff0-47b4-87b3-db5137978dfc"}
[debug] [2022-08-02T14:11:20.918Z] <<< [apiv2][status] POST https://auth.firebase.tools/attest 200
[debug] [2022-08-02T14:11:20.918Z] <<< [apiv2][body] POST https://auth.firebase.tools/attest {"token":"k3Yv89RwyDfi0IWnmZ1E0PTFl5APNnZs_vb4J5wvFX8"}
[info] 
[info] To sign in to the Firebase CLI:
[info] 
[info] 1. Take note of your session ID:
[info] 
[info]    AB97F
[info] 
[info] 2. Visit the URL below on any device and follow the instructions to get your code:
[info] 
[info]    https://auth.firebase.tools/login?code_challenge=0YczpRee10odhTNCVZCLVwdS_t8DtBMpVbjAbfkr7zQ&session=ab97f380-1ff0-47b4-87b3-db5137978dfc&attest=k3Yv89RwyDfi0IWnmZ1E0PTFl5APNnZs_vb4J5wvFX8
[info] 
[info] 3. Paste or enter the authorization code below once you have it:
[info] 
